d:\dev\procedural\procedural\debug\vc141.pdb
d:\dev\procedural\procedural\debug\vc141.idb
d:\dev\procedural\procedural\debug\objectloader.obj
d:\dev\procedural\procedural\debug\tex2d.obj
d:\dev\procedural\procedural\debug\shaderprogram.obj
d:\dev\procedural\procedural\debug\procedural.obj
d:\dev\procedural\procedural\debug\vector4f.obj
d:\dev\procedural\procedural\debug\quaternion.obj
d:\dev\procedural\procedural\debug\vector3f.obj
d:\dev\procedural\procedural\debug\vector.obj
d:\dev\procedural\procedural\debug\raycaster.obj
d:\dev\procedural\procedural\debug\matrix4f.obj
d:\dev\procedural\procedural\debug\main.obj
d:\dev\procedural\procedural\debug\log.obj
d:\dev\procedural\procedural\debug\input.obj
d:\dev\procedural\procedural\debug\camera.obj
d:\dev\procedural\procedural\debug\object.obj
d:\dev\procedural\debug\procedural.exe
d:\dev\procedural\debug\procedural.ilk
d:\dev\procedural\debug\procedural.pdb
d:\dev\procedural\procedural\debug\procedural.tlog\cl.command.1.tlog
d:\dev\procedural\procedural\debug\procedural.tlog\cl.read.1.tlog
d:\dev\procedural\procedural\debug\procedural.tlog\cl.write.1.tlog
d:\dev\procedural\procedural\debug\procedural.tlog\link.command.1.tlog
d:\dev\procedural\procedural\debug\procedural.tlog\link.read.1.tlog
d:\dev\procedural\procedural\debug\procedural.tlog\link.write.1.tlog
