GL_LOG_FILE log. local time Tue Sep 11 23:17:05 2018

starting GLFW
3.2.1 Win32 WGL EGL VisualC
Renderer: GeForce GTX 1070/PCIe/SSE2
OpenGL version supported 4.0.0 NVIDIA 391.35

SHADER: read shader: 
Shaders/vertex.vert

SHADER: read shader: 
Shaders/fragment.frag


--------------------
shader program 1 info:
GL_ATTACHED_SHADERS = 2
GL_ACTIVE_ATTRIBUTES = 2
  (0) type: vec3 name: 'vertex_normals' location: 1
  (1) type: vec3 name: 'vertex_position' location: 0
GL_ACTIVE_UNIFORMS = 4
  (0) type: vec3 name: 'light_position' location: 0
  (1) type: mat4 name: 'model' location: 1
  (2) type: mat4 name: 'proj' location: 2
  (3) type: mat4 name: 'view' location: 3
program 1 GL_VALIDATE_STATUS = 1
